<?xml version="1.0" encoding="UTF-8" ?>
<testsuite errors="0" failures="8" hostname="DESKTOP-6UP0OQT" name="sistemaAutogestion.IObligatorioTest" skipped="0" tests="44" time="0.255" timestamp="2024-06-11T11:30:58">
  <properties>
[...]
</properties>
  <testcase classname="sistemaAutogestion.IObligatorioTest" name="testEliminarAvionOK" time="0.005" />
  <testcase classname="sistemaAutogestion.IObligatorioTest" name="testListarVuelosDeClientesOK" time="0.006">
    <failure message="expected:&lt;[AA1111-CPR|&#xa;AA2222-DEV|&#xa;AA3333-CPR|]&gt; but was:&lt;[&#xa;=== VUELOS CLIENTE MF34111 ===&#xa;&#xa;          ==CPR==&#xa;&#xa;==VUELO==&#xa;Codigo Vuelo:AA3333&#xa;Codigo Aerolinea: Aerolineas Argentinas&#xa;Codigo Avion: FLY221&#xa;=Pasajes Vendidos&#xa;Clase Economica: 0&#xa;Primera Clase: 1&#xa;&#xa;==VUELO==&#xa;Codigo Vuelo:AA1111&#xa;Codigo Aerolinea: Aerolineas Argentinas&#xa;Codigo Avion: FLY221&#xa;=Pasajes Vendidos&#xa;Clase Economica: 0&#xa;Primera Clase: 1&#xa;&#xa;&#xa;&#xa;          ===DEV===&#xa;==Cliente==&#xa;Pasaje: ==Cliente==&#xa;Pasaporte:MF34111&#xa;Nombre: Martina Fernandez&#xa;Edad: 1&#xa;&#xa;Categoria(Primera = 1/ Economica = 2): 1&#xa;Codigo Vuelo: AA2222&#xa;&#xa;]&gt;" type="junit.framework.AssertionFailedError">junit.framework.AssertionFailedError: expected:&lt;[AA1111-CPR|
AA2222-DEV|
AA3333-CPR|]&gt; but was:&lt;[
=== VUELOS CLIENTE MF34111 ===

          ==CPR==

==VUELO==
Codigo Vuelo:AA3333
Codigo Aerolinea: Aerolineas Argentinas
Codigo Avion: FLY221
=Pasajes Vendidos
Clase Economica: 0
Primera Clase: 1

==VUELO==
Codigo Vuelo:AA1111
Codigo Aerolinea: Aerolineas Argentinas
Codigo Avion: FLY221
=Pasajes Vendidos
Clase Economica: 0
Primera Clase: 1



          ===DEV===
==Cliente==
Pasaje: ==Cliente==
Pasaporte:MF34111
Nombre: Martina Fernandez
Edad: 1

Categoria(Primera = 1/ Economica = 2): 1
Codigo Vuelo: AA2222

]&gt;
	at sistemaAutogestion.IObligatorioTest.testListarVuelosDeClientesOK(IObligatorioTest.java:801)
	at java.base/jdk.internal.reflect.DirectMethodHandleAccessor.invoke(DirectMethodHandleAccessor.java:103)
</failure>
  </testcase>
  <testcase classname="sistemaAutogestion.IObligatorioTest" name="testRegistrarClienteERROR1" time="0.001" />
  <testcase classname="sistemaAutogestion.IObligatorioTest" name="testRegistrarClienteERROR2" time="0.0" />
  <testcase classname="sistemaAutogestion.IObligatorioTest" name="testRegistrarClienteERROR3" time="0.001" />
  <testcase classname="sistemaAutogestion.IObligatorioTest" name="testListarAvionesDeAerolineaOK" time="0.001">
    <failure message="expected:&lt;[AA311-21|AA345-12|]&gt; but was:&lt;[==Avion==&#xa;Codigo:AA311&#xa;Capacidad maxima: 21&#xa;&#xa;&#xa;==Avion==&#xa;Codigo:AA345&#xa;Capacidad maxima: 12&#xa;&#xa;&#xa;]&gt;" type="junit.framework.AssertionFailedError">junit.framework.AssertionFailedError: expected:&lt;[AA311-21|AA345-12|]&gt; but was:&lt;[==Avion==
Codigo:AA311
Capacidad maxima: 21


==Avion==
Codigo:AA345
Capacidad maxima: 12


]&gt;
	at sistemaAutogestion.IObligatorioTest.testListarAvionesDeAerolineaOK(IObligatorioTest.java:705)
	at java.base/jdk.internal.reflect.DirectMethodHandleAccessor.invoke(DirectMethodHandleAccessor.java:103)
</failure>
  </testcase>
  <testcase classname="sistemaAutogestion.IObligatorioTest" name="testRegistrarAvionOK" time="0.0" />
  <testcase classname="sistemaAutogestion.IObligatorioTest" name="testComprarPasajeOK" time="0.0" />
  <testcase classname="sistemaAutogestion.IObligatorioTest" name="testRegistrarClienteOK" time="0.0" />
  <testcase classname="sistemaAutogestion.IObligatorioTest" name="testListarAvionesDeAerolineaERROR1" time="0.0" />
  <testcase classname="sistemaAutogestion.IObligatorioTest" name="testEliminarAerolineaOK" time="0.0" />
  <testcase classname="sistemaAutogestion.IObligatorioTest" name="testDevolverPasajeERROR1" time="0.001" />
  <testcase classname="sistemaAutogestion.IObligatorioTest" name="testDevolverPasajeERROR2" time="0.0" />
  <testcase classname="sistemaAutogestion.IObligatorioTest" name="testDevolverPasajeERROR3" time="0.001" />
  <testcase classname="sistemaAutogestion.IObligatorioTest" name="testCrearSistemaDeGestion" time="0.056" />
  <testcase classname="sistemaAutogestion.IObligatorioTest" name="testPasajesDevueltosError1" time="0.0" />
  <testcase classname="sistemaAutogestion.IObligatorioTest" name="testCrearVueloOK" time="0.0" />
  <testcase classname="sistemaAutogestion.IObligatorioTest" name="testEliminarAvionERROR1" time="0.001" />
  <testcase classname="sistemaAutogestion.IObligatorioTest" name="testEliminarAvionERROR2" time="0.0" />
  <testcase classname="sistemaAutogestion.IObligatorioTest" name="testEliminarAvionERROR3" time="0.0" />
  <testcase classname="sistemaAutogestion.IObligatorioTest" name="testPasajesDevueltosOK" time="0.002">
    <failure message="expected:&lt;[MF34111-AA9999|&#xa;VM32132-AA1111|&#xa;CB34555-AA1111|]&gt; but was:&lt;[==Vuelos devueltos aerolineaAerolineas Argentinas ==&#xa;==Cliente==&#xa;Pasaje: ==Cliente==&#xa;Pasaporte:MF34111&#xa;Nombre: Martina Fernandez&#xa;Edad: 1&#xa;&#xa;Categoria(Primera = 1/ Economica = 2): 1&#xa;Codigo Vuelo: AA9999&#xa;&#xa;==Cliente==&#xa;Pasaje: ==Cliente==&#xa;Pasaporte:VM32132&#xa;Nombre: Veronida Miguez&#xa;Edad: 34&#xa;&#xa;Categoria(Primera = 1/ Economica = 2): 1&#xa;Codigo Vuelo: AA1111&#xa;&#xa;==Cliente==&#xa;Pasaje: ==Cliente==&#xa;Pasaporte:CB34555&#xa;Nombre: Camila Barcos&#xa;Edad: 54&#xa;&#xa;Categoria(Primera = 1/ Economica = 2): 2&#xa;Codigo Vuelo: AA1111&#xa;&#xa;]&gt;" type="junit.framework.AssertionFailedError">junit.framework.AssertionFailedError: expected:&lt;[MF34111-AA9999|
VM32132-AA1111|
CB34555-AA1111|]&gt; but was:&lt;[==Vuelos devueltos aerolineaAerolineas Argentinas ==
==Cliente==
Pasaje: ==Cliente==
Pasaporte:MF34111
Nombre: Martina Fernandez
Edad: 1

Categoria(Primera = 1/ Economica = 2): 1
Codigo Vuelo: AA9999

==Cliente==
Pasaje: ==Cliente==
Pasaporte:VM32132
Nombre: Veronida Miguez
Edad: 34

Categoria(Primera = 1/ Economica = 2): 1
Codigo Vuelo: AA1111

==Cliente==
Pasaje: ==Cliente==
Pasaporte:CB34555
Nombre: Camila Barcos
Edad: 54

Categoria(Primera = 1/ Economica = 2): 2
Codigo Vuelo: AA1111

]&gt;
	at sistemaAutogestion.IObligatorioTest.testPasajesDevueltosOK(IObligatorioTest.java:879)
	at java.base/jdk.internal.reflect.DirectMethodHandleAccessor.invoke(DirectMethodHandleAccessor.java:103)
</failure>
  </testcase>
  <testcase classname="sistemaAutogestion.IObligatorioTest" name="testRegistrarAvionERROR1" time="0.0" />
  <testcase classname="sistemaAutogestion.IObligatorioTest" name="testRegistrarAvionERROR2" time="0.0" />
  <testcase classname="sistemaAutogestion.IObligatorioTest" name="testRegistrarAvionERROR3" time="0.0" />
  <testcase classname="sistemaAutogestion.IObligatorioTest" name="testRegistrarAvionERROR4" time="0.001">
    <failure message="expected:&lt;ERROR_4&gt; but was:&lt;ERROR_1&gt;" type="junit.framework.AssertionFailedError">junit.framework.AssertionFailedError: expected:&lt;ERROR_4&gt; but was:&lt;ERROR_1&gt;
	at sistemaAutogestion.IObligatorioTest.testRegistrarAvionERROR4(IObligatorioTest.java:197)
	at java.base/jdk.internal.reflect.DirectMethodHandleAccessor.invoke(DirectMethodHandleAccessor.java:103)
</failure>
  </testcase>
  <testcase classname="sistemaAutogestion.IObligatorioTest" name="testVistaDeVueloOK" time="0.0" />
  <testcase classname="sistemaAutogestion.IObligatorioTest" name="testCrearAerolineaERROR1" time="0.0" />
  <testcase classname="sistemaAutogestion.IObligatorioTest" name="testCrearAerolineaERROR2" time="0.001" />
  <testcase classname="sistemaAutogestion.IObligatorioTest" name="testListarVuelosOK" time="0.001">
    <failure message="expected:&lt;[AA1111-Aerolineas Argentinas-FLY221-0-0-15|&#xa;AA2222-Aerolineas Argentinas-FLY221-0-0-15|&#xa;AA3333-Aerolineas Argentinas-FLY221-0-0-15|]&gt; but was:&lt;[==VUELO==&#xa;Codigo Vuelo:AA3333&#xa;Codigo Aerolinea: Aerolineas Argentinas&#xa;Codigo Avion: FLY221&#xa;=Pasajes Vendidos&#xa;Clase Economica: 0&#xa;Primera Clase: 0&#xa;&#xa;==VUELO==&#xa;Codigo Vuelo:AA2222&#xa;Codigo Aerolinea: Aerolineas Argentinas&#xa;Codigo Avion: FLY221&#xa;=Pasajes Vendidos&#xa;Clase Economica: 0&#xa;Primera Clase: 0&#xa;&#xa;==VUELO==&#xa;Codigo Vuelo:AA1111&#xa;Codigo Aerolinea: Aerolineas Argentinas&#xa;Codigo Avion: FLY221&#xa;=Pasajes Vendidos&#xa;Clase Economica: 0&#xa;Primera Clase: 0&#xa;&#xa;]&gt;" type="junit.framework.AssertionFailedError">junit.framework.AssertionFailedError: expected:&lt;[AA1111-Aerolineas Argentinas-FLY221-0-0-15|
AA2222-Aerolineas Argentinas-FLY221-0-0-15|
AA3333-Aerolineas Argentinas-FLY221-0-0-15|]&gt; but was:&lt;[==VUELO==
Codigo Vuelo:AA3333
Codigo Aerolinea: Aerolineas Argentinas
Codigo Avion: FLY221
=Pasajes Vendidos
Clase Economica: 0
Primera Clase: 0

==VUELO==
Codigo Vuelo:AA2222
Codigo Aerolinea: Aerolineas Argentinas
Codigo Avion: FLY221
=Pasajes Vendidos
Clase Economica: 0
Primera Clase: 0

==VUELO==
Codigo Vuelo:AA1111
Codigo Aerolinea: Aerolineas Argentinas
Codigo Avion: FLY221
=Pasajes Vendidos
Clase Economica: 0
Primera Clase: 0

]&gt;
	at sistemaAutogestion.IObligatorioTest.testListarVuelosOK(IObligatorioTest.java:758)
	at java.base/jdk.internal.reflect.DirectMethodHandleAccessor.invoke(DirectMethodHandleAccessor.java:103)
</failure>
  </testcase>
  <testcase classname="sistemaAutogestion.IObligatorioTest" name="testListarVuelosDeClientesERROR1" time="0.001" />
  <testcase classname="sistemaAutogestion.IObligatorioTest" name="testCrearAerolineaOK" time="0.001" />
  <testcase classname="sistemaAutogestion.IObligatorioTest" name="testComprarPasajeERROR1" time="0.001" />
  <testcase classname="sistemaAutogestion.IObligatorioTest" name="testComprarPasajeERROR2" time="0.001" />
  <testcase classname="sistemaAutogestion.IObligatorioTest" name="testCrearVueloERROR1" time="0.001" />
  <testcase classname="sistemaAutogestion.IObligatorioTest" name="testCrearVueloERROR2" time="0.0" />
  <testcase classname="sistemaAutogestion.IObligatorioTest" name="testCrearVueloERROR3" time="0.0" />
  <testcase classname="sistemaAutogestion.IObligatorioTest" name="testCrearVueloERROR4" time="0.001">
    <failure message="expected:&lt;OK&gt; but was:&lt;ERROR_4&gt;" type="junit.framework.AssertionFailedError">junit.framework.AssertionFailedError: expected:&lt;OK&gt; but was:&lt;ERROR_4&gt;
	at sistemaAutogestion.IObligatorioTest.testCrearVueloERROR4(IObligatorioTest.java:407)
	at java.base/jdk.internal.reflect.DirectMethodHandleAccessor.invoke(DirectMethodHandleAccessor.java:103)
</failure>
  </testcase>
  <testcase classname="sistemaAutogestion.IObligatorioTest" name="testCrearVueloERROR5" time="0.001" />
  <testcase classname="sistemaAutogestion.IObligatorioTest" name="testCrearVueloERROR6" time="0.0" />
  <testcase classname="sistemaAutogestion.IObligatorioTest" name="testEliminarAerolineaERROR1" time="0.001" />
  <testcase classname="sistemaAutogestion.IObligatorioTest" name="testEliminarAerolineaERROR2" time="0.001" />
  <testcase classname="sistemaAutogestion.IObligatorioTest" name="testListarClienteOK" time="0.089">
    <failure message="expected:&lt;[CB34555-Camila Barcos-54|&#xa;AM11111-Alfonso Miguez-34|&#xa;MF34111-Martina Fernandez-1|]&gt; but was:&lt;[==Cliente==&#xa;Pasaporte:CB34555&#xa;Nombre: Camila Barcos&#xa;Edad: 54&#xa;&#xa;==Cliente==&#xa;Pasaporte:AM11111&#xa;Nombre: Alfonso Miguez&#xa;Edad: 34&#xa;&#xa;==Cliente==&#xa;Pasaporte:MF34111&#xa;Nombre: Martina Fernandez&#xa;Edad: 1&#xa;&#xa;]&gt;" type="junit.framework.AssertionFailedError">junit.framework.AssertionFailedError: expected:&lt;[CB34555-Camila Barcos-54|
AM11111-Alfonso Miguez-34|
MF34111-Martina Fernandez-1|]&gt; but was:&lt;[==Cliente==
Pasaporte:CB34555
Nombre: Camila Barcos
Edad: 54

==Cliente==
Pasaporte:AM11111
Nombre: Alfonso Miguez
Edad: 34

==Cliente==
Pasaporte:MF34111
Nombre: Martina Fernandez
Edad: 1

]&gt;
	at sistemaAutogestion.IObligatorioTest.testListarClienteOK(IObligatorioTest.java:732)
	at java.base/jdk.internal.reflect.DirectMethodHandleAccessor.invoke(DirectMethodHandleAccessor.java:103)
</failure>
  </testcase>
  <testcase classname="sistemaAutogestion.IObligatorioTest" name="testDevolverPasajeOK" time="0.001" />
  <testcase classname="sistemaAutogestion.IObligatorioTest" name="testListarAerolineasOk" time="0.001">
    <failure message="expected:&lt;[Aerolineas Argentinas-Argentina-10|&#xa;Copa Airlines-Panamá-30|&#xa;Delta Air Lines-Estados Unidos-30|&#xa;Iberia-España-20|]&gt; but was:&lt;[==Aerolinea==&#xa;Nombre:Aerolineas Argentinas&#xa;Pais: Argentina&#xa;Capacidad Aviones: 10&#xa;Cantidad Aviones: 0&#xa;&#xa;&#xa;==Aerolinea==&#xa;Nombre:Copa Airlines&#xa;Pais: Panamá&#xa;Capacidad Aviones: 30&#xa;Cantidad Aviones: 0&#xa;&#xa;&#xa;==Aerolinea==&#xa;Nombre:Delta Air Lines&#xa;Pais: Estados Unidos&#xa;Capacidad Aviones: 30&#xa;Cantidad Aviones: 0&#xa;&#xa;&#xa;==Aerolinea==&#xa;Nombre:Iberia&#xa;Pais: España&#xa;Capacidad Aviones: 20&#xa;Cantidad Aviones: 0&#xa;&#xa;&#xa;]&gt;" type="junit.framework.AssertionFailedError">junit.framework.AssertionFailedError: expected:&lt;[Aerolineas Argentinas-Argentina-10|
Copa Airlines-Panamá-30|
Delta Air Lines-Estados Unidos-30|
Iberia-España-20|]&gt; but was:&lt;[==Aerolinea==
Nombre:Aerolineas Argentinas
Pais: Argentina
Capacidad Aviones: 10
Cantidad Aviones: 0


==Aerolinea==
Nombre:Copa Airlines
Pais: Panamá
Capacidad Aviones: 30
Cantidad Aviones: 0


==Aerolinea==
Nombre:Delta Air Lines
Pais: Estados Unidos
Capacidad Aviones: 30
Cantidad Aviones: 0


==Aerolinea==
Nombre:Iberia
Pais: España
Capacidad Aviones: 20
Cantidad Aviones: 0


]&gt;
	at sistemaAutogestion.IObligatorioTest.testListarAerolineasOk(IObligatorioTest.java:682)
	at java.base/jdk.internal.reflect.DirectMethodHandleAccessor.invoke(DirectMethodHandleAccessor.java:103)
</failure>
  </testcase>
  <system-out><![CDATA[Buscar elemento en matriz, elemento: MF34111AA2222
Buscar elemento en matriz, elemento: MF34111AA1111
Buscar elemento en matriz, elemento: MF34111AA1111
Buscar elemento en matriz, elemento: MF34111AA1111
Buscar elemento en matriz, elemento: MF34111AA9999
Buscar elemento en matriz, elemento: VM32132AA1111
Buscar elemento en matriz, elemento: CB34555
Buscar elemento en matriz, elemento: MF34111AA2222
Buscar elemento en matriz, elemento: MF34111AA1111
Buscar elemento en matriz, elemento: CB34555
]]></system-out>
  <system-err><![CDATA[]]></system-err>
</testsuite>
